-------------------------------------------------------------------------------
Test set: org.clafer.SimpleStructureTest
-------------------------------------------------------------------------------
Tests run: 26, Failures: 1, Errors: 0, Skipped: 0, Time elapsed: 0.167 sec <<< FAILURE!
testRefToAbstractToString(org.clafer.SimpleStructureTest)  Time elapsed: 0.01 sec  <<< FAILURE!
java.lang.AssertionError: expected:<[B#0
B#1
C#0
C#1
D#0 = C#1
, B#0
B#1
C#0
C#1
D#0 = B#1
, B#0
B#1
C#0
C#1
D#0 = B#0
, B#0
B#1
C#0
C#1
D#0 = C#0
]> but was:<[B$0
B$1
C$0
C$1
D$0 = B$0
, B$0
B$1
C$0
C$1
D$0 = B$1
, B$0
B$1
C$0
C$1
D$0 = C$1
, B$0
B$1
C$0
C$1
D$0 = C$0
]>
	at org.junit.Assert.fail(Assert.java:88)
	at org.junit.Assert.failNotEquals(Assert.java:743)
	at org.junit.Assert.assertEquals(Assert.java:118)
	at org.junit.Assert.assertEquals(Assert.java:144)
	at org.clafer.SimpleStructureTest.testRefToAbstractToString(SimpleStructureTest.java:662)
	at sun.reflect.NativeMethodAccessorImpl.invoke0(Native Method)
	at sun.reflect.NativeMethodAccessorImpl.invoke(NativeMethodAccessorImpl.java:62)
	at sun.reflect.DelegatingMethodAccessorImpl.invoke(DelegatingMethodAccessorImpl.java:43)
	at java.lang.reflect.Method.invoke(Method.java:483)
	at org.junit.runners.model.FrameworkMethod$1.runReflectiveCall(FrameworkMethod.java:47)
	at org.junit.internal.runners.model.ReflectiveCallable.run(ReflectiveCallable.java:12)
	at org.junit.runners.model.FrameworkMethod.invokeExplosively(FrameworkMethod.java:44)
	at org.junit.internal.runners.statements.InvokeMethod.evaluate(InvokeMethod.java:17)
	at org.junit.internal.runners.statements.FailOnTimeout$StatementThread.run(FailOnTimeout.java:74)

