<?xml version="1.0" encoding="UTF-8" ?>
<testsuite tests="1" failures="1" name="org.clafer.ir.IrModTest" time="0.022" errors="0" skipped="0">
  <properties>
[...]
</properties>
  <testcase classname="org.clafer.ir.IrModTest" name="quickTest" time="0.022">
    <failure message="
##################################################
FAILURE &gt;&gt; TMP_1760 = [-4,4]
FAILURE &gt;&gt; TMP_1761 = [-4,4]

##################################################
FAILURE &gt;&gt; Absolute ([|TMP_1760| = 4 = |TMP_1760 = [-4,4]|])

==================================================
ROOT &amp; Int  ==  2 (1) &amp; |Int|  ==  4 (1) &amp; |Int|  ==  3 (1) &amp; Int  ==  -4 (1) &amp; |TMP_1760|  ==  4 (1) &amp; 
SAT
0 Solutions, Resolution 0.000s, 6 Nodes, 0 Backtracks, 0 Fails, 0 Restarts##################################################
" type="java.lang.AssertionError">java.lang.AssertionError: 
##################################################
FAILURE &gt;&gt; TMP_1760 = [-4,4]
FAILURE &gt;&gt; TMP_1761 = [-4,4]

##################################################
FAILURE &gt;&gt; Absolute ([|TMP_1760| = 4 = |TMP_1760 = [-4,4]|])

==================================================
ROOT &amp; Int  ==  2 (1) &amp; |Int|  ==  4 (1) &amp; |Int|  ==  3 (1) &amp; Int  ==  -4 (1) &amp; |TMP_1760|  ==  4 (1) &amp; 
SAT
0 Solutions, Resolution 0.000s, 6 Nodes, 0 Backtracks, 0 Fails, 0 Restarts##################################################

	at org.chocosolver.solver.search.loop.SearchLoop.recordSolution(SearchLoop.java:367)
	at org.chocosolver.solver.search.loop.SearchLoop.openNode(SearchLoop.java:360)
	at org.chocosolver.solver.search.loop.SearchLoop.loop(SearchLoop.java:273)
	at org.chocosolver.solver.search.loop.SearchLoop.launch(SearchLoop.java:189)
	at org.chocosolver.solver.Solver.solve(Solver.java:836)
	at org.chocosolver.solver.Solver.findSolution(Solver.java:692)
	at org.clafer.ir.IrQuickTest$QuickTest.evaluate(IrQuickTest.java:138)
	at org.clafer.ir.IrQuickTest$QuickTest.evaluate(IrQuickTest.java:84)
	at org.junit.internal.runners.statements.FailOnTimeout$StatementThread.run(FailOnTimeout.java:74)
</failure>
  </testcase>
</testsuite>