<?xml version="1.0" encoding="UTF-8" ?>
<testsuite tests="26" failures="1" name="org.clafer.SimpleStructureTest" time="0.162" errors="0" skipped="0">
  <properties>
[...]
</properties>
  <testcase classname="org.clafer.SimpleStructureTest" name="testMultiLevelAbstract" time="0.006"/>
  <testcase classname="org.clafer.SimpleStructureTest" name="testVariableUniqueRefs" time="0.004"/>
  <testcase classname="org.clafer.SimpleStructureTest" name="testUnusedAbstract" time="0.002"/>
  <testcase classname="org.clafer.SimpleStructureTest" name="testXorGroupCardinality" time="0.002"/>
  <testcase classname="org.clafer.SimpleStructureTest" name="testRefToAbstractToString" time="0.01">
    <failure message="expected:&lt;[B#0
B#1
C#0
C#1
D#0 = C#1
, B#0
B#1
C#0
C#1
D#0 = B#1
, B#0
B#1
C#0
C#1
D#0 = B#0
, B#0
B#1
C#0
C#1
D#0 = C#0
]&gt; but was:&lt;[B$0
B$1
C$0
C$1
D$0 = B$0
, B$0
B$1
C$0
C$1
D$0 = B$1
, B$0
B$1
C$0
C$1
D$0 = C$1
, B$0
B$1
C$0
C$1
D$0 = C$0
]&gt;" type="java.lang.AssertionError">java.lang.AssertionError: expected:&lt;[B#0
B#1
C#0
C#1
D#0 = C#1
, B#0
B#1
C#0
C#1
D#0 = B#1
, B#0
B#1
C#0
C#1
D#0 = B#0
, B#0
B#1
C#0
C#1
D#0 = C#0
]&gt; but was:&lt;[B$0
B$1
C$0
C$1
D$0 = B$0
, B$0
B$1
C$0
C$1
D$0 = B$1
, B$0
B$1
C$0
C$1
D$0 = C$1
, B$0
B$1
C$0
C$1
D$0 = C$0
]&gt;
	at org.junit.Assert.fail(Assert.java:88)
	at org.junit.Assert.failNotEquals(Assert.java:743)
	at org.junit.Assert.assertEquals(Assert.java:118)
	at org.junit.Assert.assertEquals(Assert.java:144)
	at org.clafer.SimpleStructureTest.testRefToAbstractToString(SimpleStructureTest.java:662)
	at sun.reflect.NativeMethodAccessorImpl.invoke0(Native Method)
	at sun.reflect.NativeMethodAccessorImpl.invoke(NativeMethodAccessorImpl.java:62)
	at sun.reflect.DelegatingMethodAccessorImpl.invoke(DelegatingMethodAccessorImpl.java:43)
	at java.lang.reflect.Method.invoke(Method.java:483)
	at org.junit.runners.model.FrameworkMethod$1.runReflectiveCall(FrameworkMethod.java:47)
	at org.junit.internal.runners.model.ReflectiveCallable.run(ReflectiveCallable.java:12)
	at org.junit.runners.model.FrameworkMethod.invokeExplosively(FrameworkMethod.java:44)
	at org.junit.internal.runners.statements.InvokeMethod.evaluate(InvokeMethod.java:17)
	at org.junit.internal.runners.statements.FailOnTimeout$StatementThread.run(FailOnTimeout.java:74)
</failure>
  </testcase>
  <testcase classname="org.clafer.SimpleStructureTest" name="testGlobalFixedUniqueRefs" time="0.003"/>
  <testcase classname="org.clafer.SimpleStructureTest" name="testCircular" time="0.013"/>
  <testcase classname="org.clafer.SimpleStructureTest" name="testUniqueRefToVariable" time="0.006"/>
  <testcase classname="org.clafer.SimpleStructureTest" name="testMaybeGroupCardinality" time="0.002"/>
  <testcase classname="org.clafer.SimpleStructureTest" name="testForceEmptySecondChild" time="0.002"/>
  <testcase classname="org.clafer.SimpleStructureTest" name="testNotEnoughUniqueRef" time="0.002"/>
  <testcase classname="org.clafer.SimpleStructureTest" name="testFixedUniqueRefs" time="0.003"/>
  <testcase classname="org.clafer.SimpleStructureTest" name="testAbstractUniqueRefs" time="0.003"/>
  <testcase classname="org.clafer.SimpleStructureTest" name="testAbstractRefs" time="0.004"/>
  <testcase classname="org.clafer.SimpleStructureTest" name="testCustomGroupCardinality" time="0.005"/>
  <testcase classname="org.clafer.SimpleStructureTest" name="testRefToVariableClafer" time="0.002"/>
  <testcase classname="org.clafer.SimpleStructureTest" name="test2LevelCircular" time="0.072"/>
  <testcase classname="org.clafer.SimpleStructureTest" name="testVariableRefs" time="0.004"/>
  <testcase classname="org.clafer.SimpleStructureTest" name="testRefToVariable" time="0.005"/>
  <testcase classname="org.clafer.SimpleStructureTest" name="testNotEnoughFromAbstract" time="0.001"/>
  <testcase classname="org.clafer.SimpleStructureTest" name="testTopLevelRefs" time="0.002"/>
  <testcase classname="org.clafer.SimpleStructureTest" name="testFixedRefs" time="0.002"/>
  <testcase classname="org.clafer.SimpleStructureTest" name="testNotEnoughAbstract" time="0.001"/>
  <testcase classname="org.clafer.SimpleStructureTest" name="testRefZeroOutsideIntRange" time="0.002"/>
  <testcase classname="org.clafer.SimpleStructureTest" name="testRefToUnusedAbstract" time="0.002"/>
  <testcase classname="org.clafer.SimpleStructureTest" name="testTopLevelUniqueRefs" time="0.002"/>
</testsuite>