<?xml version="1.0" encoding="UTF-8" ?>
<testsuite tests="78" failures="0" name="test.PositiveTest" time="3.986" errors="0" skipped="0">
  <properties>
[...]
</properties>
  <testcase classname="test.PositiveTest" name="testPositives[/Volumes/JetMini/Workspaces/FaMa/chocosolver/target/test-classes/positive/AADL_cruise_control_impl_expanded.js]" time="0.399"/>
  <testcase classname="test.PositiveTest" name="testPositives[/Volumes/JetMini/Workspaces/FaMa/chocosolver/target/test-classes/positive/AADL_simplified.js]" time="0.192"/>
  <testcase classname="test.PositiveTest" name="testPositives[/Volumes/JetMini/Workspaces/FaMa/chocosolver/target/test-classes/positive/AADL_with_acc_first_try.js]" time="2.236"/>
  <testcase classname="test.PositiveTest" name="testPositives[/Volumes/JetMini/Workspaces/FaMa/chocosolver/target/test-classes/positive/ACCDemo_featureModels.js]" time="0.018"/>
  <testcase classname="test.PositiveTest" name="testPositives[/Volumes/JetMini/Workspaces/FaMa/chocosolver/target/test-classes/positive/ACCDemo_fullClafer.js]" time="0.019"/>
  <testcase classname="test.PositiveTest" name="testPositives[/Volumes/JetMini/Workspaces/FaMa/chocosolver/target/test-classes/positive/BMM_model.js]" time="0.025"/>
  <testcase classname="test.PositiveTest" name="testPositives[/Volumes/JetMini/Workspaces/FaMa/chocosolver/target/test-classes/positive/EDMPoster_Intro.js]" time="0.015"/>
  <testcase classname="test.PositiveTest" name="testPositives[/Volumes/JetMini/Workspaces/FaMa/chocosolver/target/test-classes/positive/EDM_Intro.js]" time="0.06"/>
  <testcase classname="test.PositiveTest" name="testPositives[/Volumes/JetMini/Workspaces/FaMa/chocosolver/target/test-classes/positive/ESC_FMCSA571.126-model.js]" time="0.013"/>
  <testcase classname="test.PositiveTest" name="testPositives[/Volumes/JetMini/Workspaces/FaMa/chocosolver/target/test-classes/positive/Linux_model.js]" time="0.023"/>
  <testcase classname="test.PositiveTest" name="testPositives[/Volumes/JetMini/Workspaces/FaMa/chocosolver/target/test-classes/positive/NECSIS-Workshop_Modeling_Variability_7.js]" time="0.01"/>
  <testcase classname="test.PositiveTest" name="testPositives[/Volumes/JetMini/Workspaces/FaMa/chocosolver/target/test-classes/positive/Scotiabank_Mortgages.js]" time="0.01"/>
  <testcase classname="test.PositiveTest" name="testPositives[/Volumes/JetMini/Workspaces/FaMa/chocosolver/target/test-classes/positive/Telematics_PLA.js]" time="0.021"/>
  <testcase classname="test.PositiveTest" name="testPositives[/Volumes/JetMini/Workspaces/FaMa/chocosolver/target/test-classes/positive/Tutorial_Intro.js]" time="0.03"/>
  <testcase classname="test.PositiveTest" name="testPositives[/Volumes/JetMini/Workspaces/FaMa/chocosolver/target/test-classes/positive/books_tutorial.js]" time="0.018"/>
  <testcase classname="test.PositiveTest" name="testPositives[/Volumes/JetMini/Workspaces/FaMa/chocosolver/target/test-classes/positive/check_unique_ref_names_with_inheritance.js]" time="0.009"/>
  <testcase classname="test.PositiveTest" name="testPositives[/Volumes/JetMini/Workspaces/FaMa/chocosolver/target/test-classes/positive/constraints.js]" time="0.022"/>
  <testcase classname="test.PositiveTest" name="testPositives[/Volumes/JetMini/Workspaces/FaMa/chocosolver/target/test-classes/positive/eCos_model.js]" time="0.015"/>
  <testcase classname="test.PositiveTest" name="testPositives[/Volumes/JetMini/Workspaces/FaMa/chocosolver/target/test-classes/positive/enforcingInverseReferences.js]" time="0.129"/>
  <testcase classname="test.PositiveTest" name="testPositives[/Volumes/JetMini/Workspaces/FaMa/chocosolver/target/test-classes/positive/i10.js]" time="0.006"/>
  <testcase classname="test.PositiveTest" name="testPositives[/Volumes/JetMini/Workspaces/FaMa/chocosolver/target/test-classes/positive/i101.js]" time="0.009"/>
  <testcase classname="test.PositiveTest" name="testPositives[/Volumes/JetMini/Workspaces/FaMa/chocosolver/target/test-classes/positive/i121-comments.js]" time="0.007"/>
  <testcase classname="test.PositiveTest" name="testPositives[/Volumes/JetMini/Workspaces/FaMa/chocosolver/target/test-classes/positive/i122-CVL.js]" time="0.014"/>
  <testcase classname="test.PositiveTest" name="testPositives[/Volumes/JetMini/Workspaces/FaMa/chocosolver/target/test-classes/positive/i126-empty.js]" time="0.005"/>
  <testcase classname="test.PositiveTest" name="testPositives[/Volumes/JetMini/Workspaces/FaMa/chocosolver/target/test-classes/positive/i131-incorrect-scope.js]" time="0.008"/>
  <testcase classname="test.PositiveTest" name="testPositives[/Volumes/JetMini/Workspaces/FaMa/chocosolver/target/test-classes/positive/i137_parsing.js]" time="0.006"/>
  <testcase classname="test.PositiveTest" name="testPositives[/Volumes/JetMini/Workspaces/FaMa/chocosolver/target/test-classes/positive/i14.js]" time="0.005"/>
  <testcase classname="test.PositiveTest" name="testPositives[/Volumes/JetMini/Workspaces/FaMa/chocosolver/target/test-classes/positive/i144-if-then-else.js]" time="0.006"/>
  <testcase classname="test.PositiveTest" name="testPositives[/Volumes/JetMini/Workspaces/FaMa/chocosolver/target/test-classes/positive/i147-ref-disambiguation.js]" time="0.006"/>
  <testcase classname="test.PositiveTest" name="testPositives[/Volumes/JetMini/Workspaces/FaMa/chocosolver/target/test-classes/positive/i150-or-groups.des.js]" time="0.005"/>
  <testcase classname="test.PositiveTest" name="testPositives[/Volumes/JetMini/Workspaces/FaMa/chocosolver/target/test-classes/positive/i150-or-groups.js]" time="0.005"/>
  <testcase classname="test.PositiveTest" name="testPositives[/Volumes/JetMini/Workspaces/FaMa/chocosolver/target/test-classes/positive/i17.js]" time="0.007"/>
  <testcase classname="test.PositiveTest" name="testPositives[/Volumes/JetMini/Workspaces/FaMa/chocosolver/target/test-classes/positive/i18.js]" time="0.008"/>
  <testcase classname="test.PositiveTest" name="testPositives[/Volumes/JetMini/Workspaces/FaMa/chocosolver/target/test-classes/positive/i188-sum-quantifier.js]" time="0.007"/>
  <testcase classname="test.PositiveTest" name="testPositives[/Volumes/JetMini/Workspaces/FaMa/chocosolver/target/test-classes/positive/i188-sum-quantifier2.js]" time="0.007"/>
  <testcase classname="test.PositiveTest" name="testPositives[/Volumes/JetMini/Workspaces/FaMa/chocosolver/target/test-classes/positive/i19.js]" time="0.006"/>
  <testcase classname="test.PositiveTest" name="testPositives[/Volumes/JetMini/Workspaces/FaMa/chocosolver/target/test-classes/positive/i199-afm-check.js]" time="0.005"/>
  <testcase classname="test.PositiveTest" name="testPositives[/Volumes/JetMini/Workspaces/FaMa/chocosolver/target/test-classes/positive/i199-afm-with-inhritance.js]" time="0.005"/>
  <testcase classname="test.PositiveTest" name="testPositives[/Volumes/JetMini/Workspaces/FaMa/chocosolver/target/test-classes/positive/i205-ref-disambiguation-II.js]" time="0.006"/>
  <testcase classname="test.PositiveTest" name="testPositives[/Volumes/JetMini/Workspaces/FaMa/chocosolver/target/test-classes/positive/i226-unary-minus.js]" time="0.005"/>
  <testcase classname="test.PositiveTest" name="testPositives[/Volumes/JetMini/Workspaces/FaMa/chocosolver/target/test-classes/positive/i227-implicit-this-in-IR.js]" time="0.006"/>
  <testcase classname="test.PositiveTest" name="testPositives[/Volumes/JetMini/Workspaces/FaMa/chocosolver/target/test-classes/positive/i228-this-and-parent-types.js]" time="0.006"/>
  <testcase classname="test.PositiveTest" name="testPositives[/Volumes/JetMini/Workspaces/FaMa/chocosolver/target/test-classes/positive/i23.js]" time="0.007"/>
  <testcase classname="test.PositiveTest" name="testPositives[/Volumes/JetMini/Workspaces/FaMa/chocosolver/target/test-classes/positive/i239.js]" time="0.004"/>
  <testcase classname="test.PositiveTest" name="testPositives[/Volumes/JetMini/Workspaces/FaMa/chocosolver/target/test-classes/positive/i275-uniqueNames.js]" time="0.006"/>
  <testcase classname="test.PositiveTest" name="testPositives[/Volumes/JetMini/Workspaces/FaMa/chocosolver/target/test-classes/positive/i40-text-equality.js]" time="0.008"/>
  <testcase classname="test.PositiveTest" name="testPositives[/Volumes/JetMini/Workspaces/FaMa/chocosolver/target/test-classes/positive/i49_parentReduce.js]" time="0.006"/>
  <testcase classname="test.PositiveTest" name="testPositives[/Volumes/JetMini/Workspaces/FaMa/chocosolver/target/test-classes/positive/i49_resolve_ancestor.js]" time="0.006"/>
  <testcase classname="test.PositiveTest" name="testPositives[/Volumes/JetMini/Workspaces/FaMa/chocosolver/target/test-classes/positive/i50_stop_following_references.js]" time="0.006"/>
  <testcase classname="test.PositiveTest" name="testPositives[/Volumes/JetMini/Workspaces/FaMa/chocosolver/target/test-classes/positive/i55.js]" time="0.007"/>
  <testcase classname="test.PositiveTest" name="testPositives[/Volumes/JetMini/Workspaces/FaMa/chocosolver/target/test-classes/positive/i57-navParent.js]" time="0.005"/>
  <testcase classname="test.PositiveTest" name="testPositives[/Volumes/JetMini/Workspaces/FaMa/chocosolver/target/test-classes/positive/i61-cardinalities.js]" time="0.006"/>
  <testcase classname="test.PositiveTest" name="testPositives[/Volumes/JetMini/Workspaces/FaMa/chocosolver/target/test-classes/positive/i70.js]" time="0.008"/>
  <testcase classname="test.PositiveTest" name="testPositives[/Volumes/JetMini/Workspaces/FaMa/chocosolver/target/test-classes/positive/i71.js]" time="0.058"/>
  <testcase classname="test.PositiveTest" name="testPositives[/Volumes/JetMini/Workspaces/FaMa/chocosolver/target/test-classes/positive/i72-shared-reference.js]" time="0.009"/>
  <testcase classname="test.PositiveTest" name="testPositives[/Volumes/JetMini/Workspaces/FaMa/chocosolver/target/test-classes/positive/i78_transitive-closure.js]" time="0.009"/>
  <testcase classname="test.PositiveTest" name="testPositives[/Volumes/JetMini/Workspaces/FaMa/chocosolver/target/test-classes/positive/i83-individual-scope.js]" time="0.01"/>
  <testcase classname="test.PositiveTest" name="testPositives[/Volumes/JetMini/Workspaces/FaMa/chocosolver/target/test-classes/positive/i84-references-pointing-to-the-same-object.js]" time="0.011"/>
  <testcase classname="test.PositiveTest" name="testPositives[/Volumes/JetMini/Workspaces/FaMa/chocosolver/target/test-classes/positive/i95-subclafers-not-visible-via-reference-reference.js]" time="0.007"/>
  <testcase classname="test.PositiveTest" name="testPositives[/Volumes/JetMini/Workspaces/FaMa/chocosolver/target/test-classes/positive/i98_top-level-references.js]" time="0.006"/>
  <testcase classname="test.PositiveTest" name="testPositives[/Volumes/JetMini/Workspaces/FaMa/chocosolver/target/test-classes/positive/layout.js]" time="0.005"/>
  <testcase classname="test.PositiveTest" name="testPositives[/Volumes/JetMini/Workspaces/FaMa/chocosolver/target/test-classes/positive/multihier.js]" time="0.007"/>
  <testcase classname="test.PositiveTest" name="testPositives[/Volumes/JetMini/Workspaces/FaMa/chocosolver/target/test-classes/positive/negative.js]" time="0.005"/>
  <testcase classname="test.PositiveTest" name="testPositives[/Volumes/JetMini/Workspaces/FaMa/chocosolver/target/test-classes/positive/noAndNot.js]" time="0.006"/>
  <testcase classname="test.PositiveTest" name="testPositives[/Volumes/JetMini/Workspaces/FaMa/chocosolver/target/test-classes/positive/oclBench_b3.js]" time="0.027"/>
  <testcase classname="test.PositiveTest" name="testPositives[/Volumes/JetMini/Workspaces/FaMa/chocosolver/target/test-classes/positive/optionalClaferInitializer.js]" time="0.01"/>
  <testcase classname="test.PositiveTest" name="testPositives[/Volumes/JetMini/Workspaces/FaMa/chocosolver/target/test-classes/positive/paths.js]" time="0.037"/>
  <testcase classname="test.PositiveTest" name="testPositives[/Volumes/JetMini/Workspaces/FaMa/chocosolver/target/test-classes/positive/personRelatives.js]" time="0.059"/>
  <testcase classname="test.PositiveTest" name="testPositives[/Volumes/JetMini/Workspaces/FaMa/chocosolver/target/test-classes/positive/person_tutorial.js]" time="0.016"/>
  <testcase classname="test.PositiveTest" name="testPositives[/Volumes/JetMini/Workspaces/FaMa/chocosolver/target/test-classes/positive/references-in-bound-identifiers.js]" time="0.006"/>
  <testcase classname="test.PositiveTest" name="testPositives[/Volumes/JetMini/Workspaces/FaMa/chocosolver/target/test-classes/positive/resolution.js]" time="0.005"/>
  <testcase classname="test.PositiveTest" name="testPositives[/Volumes/JetMini/Workspaces/FaMa/chocosolver/target/test-classes/positive/scopes.js]" time="0.122"/>
  <testcase classname="test.PositiveTest" name="testPositives[/Volumes/JetMini/Workspaces/FaMa/chocosolver/target/test-classes/positive/simple-arithmetic.js]" time="0.01"/>
  <testcase classname="test.PositiveTest" name="testPositives[/Volumes/JetMini/Workspaces/FaMa/chocosolver/target/test-classes/positive/simpleConstraint.js]" time="0.009"/>
  <testcase classname="test.PositiveTest" name="testPositives[/Volumes/JetMini/Workspaces/FaMa/chocosolver/target/test-classes/positive/subtyping-primitive-types.js]" time="0.004"/>
  <testcase classname="test.PositiveTest" name="testPositives[/Volumes/JetMini/Workspaces/FaMa/chocosolver/target/test-classes/positive/telematics.js]" time="0.051"/>
  <testcase classname="test.PositiveTest" name="testPositives[/Volumes/JetMini/Workspaces/FaMa/chocosolver/target/test-classes/positive/test_neg_typesystem.js]" time="0.005"/>
  <testcase classname="test.PositiveTest" name="testPositives[/Volumes/JetMini/Workspaces/FaMa/chocosolver/target/test-classes/positive/top_level_constraints_with_relational_joins.js]" time="0.009"/>
</testsuite>